Reading and solving MPS file: ../test_set/relaxedInstances/relaxed_02.mps
Setting parameter method to 1
Setting parameter absolute_primal_tolerance to 1.000000e-06
cuOpt version: 25.12.0, git hash: d97ff6b, host arch: x86_64, device archs: 75-real,80-real,86-real,90a-real,100f-real,120a-real,120
CPU: Intel(R) Xeon(R) CPU @ 2.30GHz, threads (physical/logical): 1/1, RAM: 0.84 GiB
CUDA 13.0, device: Tesla T4 (ID 0), VRAM: 14.56 GiB
CUDA device UUID: 774fffffff83ffffffcb-ffffff8b16-ffff

Solving a problem with 16697 constraints, 146071 variables (0 integers), and 1208488 nonzeros
Problem scaling:
Objective coefficents range:          [2e+01, 4e+03]
Constraint matrix coefficients range: [1e+00, 9e+01]
Constraint rhs / bounds range:        [1e+00, 8e+00]
Variable bounds range:                [0e+00, 6e+04]

Third-party presolve is disabled, skipping
Objective offset 7560.000000 scaling_factor 1.000000
   Iter    Primal Obj.      Dual Obj.    Gap        Primal Res.  Dual Res.   Time
      0 +7.56000000e+03 +7.56000000e+03  0.00e+00   5.32e+01     1.20e+05   0.204s
   1000 -1.26693160e+05 +2.88913148e+08  2.89e+08   1.13e+02     9.66e+05   0.534s
   2000 -1.27472743e+05 +2.88313800e+09  2.88e+09   9.70e+01     9.20e+06   0.797s
   3000 -1.29248868e+05 +1.14530530e+10  1.15e+10   7.72e+01     3.49e+07   1.061s
   4000 -1.36913340e+05 +2.13476163e+10  2.13e+10   5.60e+01     6.26e+07   1.326s
   5000 -1.41344036e+05 +3.10935751e+10  3.11e+10   3.61e+01     9.07e+07   1.594s
   6000 -1.46265054e+05 +3.49868848e+10  3.50e+10   1.75e+01     1.03e+08   1.864s
   7000 -1.61635516e+05 +3.48994352e+10  3.49e+10   1.89e+01     1.04e+08   2.134s
   8000 -1.89107453e+05 +2.94699963e+10  2.95e+10   3.11e+01     9.43e+07   2.402s
   9000 -2.20982747e+05 +2.04869549e+10  2.05e+10   3.88e+01     7.19e+07   2.670s
  10000 -2.58855173e+05 +1.39112026e+10  1.39e+10   6.60e+01     5.29e+07   2.938s
  11000 -2.84454058e+05 +4.91515168e+09  4.92e+09   8.56e+01     3.04e+07   3.204s
  12000 -2.95539037e+05 -3.50734978e+09  3.51e+09   7.51e+01     1.14e+07   3.470s
  13000 -2.91966472e+05 -7.47091044e+09  7.47e+09   5.00e+01     1.34e+07   3.737s
  14000 -2.80784975e+05 -7.05475851e+09  7.05e+09   2.80e+01     1.55e+07   4.003s
  15000 -2.65780907e+05 -9.55323424e+09  9.55e+09   1.82e+01     2.84e+07   4.270s
  16000 -2.58382276e+05 -1.59415213e+10  1.59e+10   1.45e+01     4.64e+07   4.536s
  17000 -2.50833204e+05 -1.93088464e+10  1.93e+10   1.03e+01     5.49e+07   4.803s
  18000 -2.40003627e+05 -1.95101299e+10  1.95e+10   4.53e+00     5.82e+07   5.074s
  19000 -2.31033167e+05 -1.74182103e+10  1.74e+10   3.28e+00     5.38e+07   5.389s
  20000 -2.24499212e+05 -1.30952446e+10  1.31e+10   3.56e+00     4.42e+07   5.655s
  21000 -2.23075890e+05 -8.26155198e+09  8.26e+09   5.19e+00     2.88e+07   5.922s
  22000 -2.25140843e+05 -4.13784117e+09  4.14e+09   4.51e+00     1.30e+07   6.189s
  23000 -2.21921032e+05 -3.07068686e+09  3.07e+09   7.18e+00     9.05e+06   6.455s
  24000 -2.19466419e+05 -2.20084994e+09  2.20e+09   8.80e+00     6.85e+06   6.720s
  25000 -2.20835809e+05 -1.15578383e+09  1.16e+09   1.02e+01     3.54e+06   6.985s
  26000 -2.26444802e+05 -1.45202785e+08  1.45e+08   9.41e+00     5.09e+05   7.250s
  27000 -2.36249825e+05 +6.08822402e+08  6.09e+08   7.37e+00     1.79e+06   7.515s
  28000 -2.48054307e+05 +9.58001989e+08  9.58e+08   5.04e+00     2.57e+06   7.780s
  29000 -2.58568976e+05 +8.98136684e+08  8.98e+08   2.33e+00     2.32e+06   8.045s
  30000 -2.65384969e+05 +7.24210095e+08  7.24e+08   1.27e+00     1.97e+06   8.311s
  31000 -2.66652182e+05 +1.05306560e+09  1.05e+09   6.14e-01     3.30e+06   8.574s
  32000 -2.68049947e+05 +1.16598774e+09  1.17e+09   3.90e-01     3.34e+06   8.838s
  33000 -2.69228304e+05 +1.07764045e+09  1.08e+09   1.24e-01     2.86e+06   9.102s
  34000 -2.70218703e+05 +8.41931956e+08  8.42e+08   2.99e-01     2.20e+06   9.366s
  35000 -2.71005742e+05 +5.28176593e+08  5.28e+08   3.42e-01     1.45e+06   9.629s
  36000 -2.71456723e+05 +2.30717114e+08  2.31e+08   3.03e-01     6.87e+05   9.893s
  37000 -2.71664010e+05 +3.69684160e+07  3.72e+07   2.26e-01     2.35e+05   10.157s
  38000 -2.72941060e+05 -6.13390945e+06  5.86e+06   2.40e-01     1.25e+05   10.421s
  39000 -2.74080508e+05 -4.56891171e+07  4.54e+07   2.19e-01     1.19e+05   10.685s
  40000 -2.75110229e+05 -7.14666359e+07  7.12e+07   1.27e-01     2.00e+05   10.949s
  41000 -2.76101112e+05 -7.92696978e+07  7.90e+07   6.57e-02     2.08e+05   11.213s
  42000 -2.77099177e+05 -7.05724280e+07  7.03e+07   3.12e-02     1.78e+05   11.476s
  43000 -2.78114375e+05 -5.05825597e+07  5.03e+07   6.82e-02     1.30e+05   11.740s
