Reading and solving MPS file: ../test_set/relaxedInstances/relaxed_01.mps
Setting parameter method to 1
Setting parameter absolute_primal_tolerance to 1.000000e-06
cuOpt version: 25.12.0, git hash: d97ff6b, host arch: x86_64, device archs: 75-real,80-real,86-real,90a-real,100f-real,120a-real,120
CPU: Intel(R) Xeon(R) CPU @ 2.30GHz, threads (physical/logical): 1/1, RAM: 0.99 GiB
CUDA 13.0, device: Tesla T4 (ID 0), VRAM: 14.56 GiB
CUDA device UUID: 774fffffff83ffffffcb-ffffff8b16-ffff

Solving a problem with 6402 constraints, 5664 variables (0 integers), and 95914 nonzeros
Problem scaling:
Objective coefficents range:          [5e-01, 6e+03]
Constraint matrix coefficients range: [1e+00, 4e+01]
Constraint rhs / bounds range:        [1e+00, 1e+02]
Variable bounds range:                [0e+00, 1e+00]

Third-party presolve is disabled, skipping
Objective offset 0.000000 scaling_factor 1.000000
   Iter    Primal Obj.      Dual Obj.    Gap        Primal Res.  Dual Res.   Time
      0 +0.00000000e+00 +0.00000000e+00  0.00e+00   7.53e+01     1.01e+05   0.155s
   1000 -2.40758096e+05 -2.41208954e+05  4.51e+02   6.28e-02     9.07e+02   0.312s
   2000 -2.42463225e+05 -2.42167698e+05  2.96e+02   3.69e-02     1.32e+02   0.410s
   3000 -2.42596463e+05 -2.42483746e+05  1.13e+02   2.42e-02     2.67e+00   0.477s
   3300 -2.42520789e+05 -2.42486639e+05  3.42e+01   1.88e-02     1.31e+00   0.494s
LP Solver status:                Optimal
Primal objective:                -2.42520789e+05
Dual objective:                  -2.42486639e+05
Duality gap (abs/rel):           +3.42e+01 / +7.04e-05
Primal infeasibility (abs/rel):  +1.88e-02 / +9.19e-05
Dual infeasibility (abs/rel):    +1.31e+00 / +1.30e-05
PDLP finished
Status: Optimal   Objective: -2.42520789e+05  Iterations: 3300  Time: 0.427s, Total time 0.497s

Results:
--------
Number of variables: 5664
Termination status: Optimal (1)
Solve time: 0.497076 seconds
Objective value: -242520.789097

Solver completed successfully!
